SF:lib/common/constants.dart
DA:15,3
DA:16,1
DA:17,3
DA:21,1
DA:22,0
DA:26,0
DA:27,0
DA:31,0
DA:34,0
DA:35,0
DA:36,0
DA:37,0
DA:38,0
LF:13
LH:4
end_of_record
SF:lib/common/exception.dart
DA:6,2
LF:1
LH:1
end_of_record
SF:lib/common/failure.dart
DA:6,6
DA:8,1
DA:9,2
DA:13,12
DA:17,2
DA:21,2
LF:6
LH:6
end_of_record
SF:lib/data/models/genre_model.dart
DA:5,2
DA:13,2
DA:14,1
DA:15,1
DA:18,0
DA:19,0
DA:20,0
DA:23,1
DA:24,3
DA:27,1
DA:28,3
LF:11
LH:8
end_of_record
SF:lib/data/models/movie_detail_model.dart
DA:6,2
DA:54,1
DA:55,1
DA:56,1
DA:57,1
DA:58,1
DA:59,1
DA:60,4
DA:61,1
DA:62,1
DA:63,1
DA:64,1
DA:65,1
DA:66,1
DA:67,2
DA:68,1
DA:69,1
DA:70,1
DA:71,1
DA:72,1
DA:73,1
DA:74,1
DA:75,1
DA:76,1
DA:77,2
DA:78,1
DA:81,0
DA:82,0
DA:83,0
DA:84,0
DA:85,0
DA:86,0
DA:87,0
DA:88,0
DA:89,0
DA:90,0
DA:91,0
DA:92,0
DA:93,0
DA:94,0
DA:95,0
DA:96,0
DA:97,0
DA:98,0
DA:99,0
DA:100,0
DA:101,0
DA:102,0
DA:103,0
DA:106,1
DA:107,1
DA:108,1
DA:109,1
DA:110,5
DA:111,1
DA:112,1
DA:113,1
DA:114,1
DA:115,1
DA:116,1
DA:117,1
DA:118,1
DA:119,1
DA:120,1
DA:124,1
DA:125,1
DA:126,1
DA:127,1
DA:128,1
DA:129,1
DA:130,1
DA:131,1
DA:132,1
DA:133,1
DA:134,1
DA:135,1
DA:136,1
DA:137,1
DA:138,1
DA:139,1
DA:140,1
DA:141,1
DA:142,1
DA:143,1
DA:144,1
DA:145,1
DA:146,1
DA:147,1
LF:88
LH:65
end_of_record
SF:lib/data/models/movie_model.dart
DA:5,4
DA:37,4
DA:38,2
DA:39,2
DA:40,8
DA:41,2
DA:42,2
DA:43,2
DA:44,4
DA:45,2
DA:46,2
DA:47,2
DA:48,2
DA:49,2
DA:50,4
DA:51,2
DA:54,2
DA:55,1
DA:56,1
DA:57,4
DA:58,1
DA:59,1
DA:60,1
DA:61,1
DA:62,1
DA:63,1
DA:64,1
DA:65,1
DA:66,1
DA:67,1
DA:68,1
DA:71,2
DA:72,2
DA:73,2
DA:74,2
DA:75,2
DA:76,2
DA:77,2
DA:78,2
DA:79,2
DA:80,2
DA:81,2
DA:82,2
DA:83,2
DA:84,2
DA:85,2
DA:86,2
DA:90,2
DA:91,2
DA:92,2
DA:93,2
DA:94,2
DA:95,2
DA:96,2
DA:97,2
DA:98,2
DA:99,2
DA:100,2
DA:101,2
DA:102,2
DA:103,2
DA:104,2
DA:105,2
LF:63
LH:63
end_of_record
SF:lib/data/repositories/movie_repository_impl.dart
DA:17,1
DA:22,1
DA:25,2
DA:26,5
DA:27,1
DA:28,2
DA:29,1
DA:30,2
DA:34,1
DA:37,2
DA:38,5
DA:39,1
DA:40,2
DA:41,1
DA:42,2
DA:46,1
DA:49,2
DA:50,5
DA:51,1
DA:52,2
DA:53,1
DA:54,2
DA:58,1
DA:61,2
DA:62,2
DA:63,1
DA:64,2
DA:65,1
DA:66,2
DA:70,1
DA:73,2
DA:74,3
DA:75,1
DA:76,2
DA:77,1
DA:78,2
DA:82,1
DA:85,2
DA:86,5
DA:87,1
DA:88,2
DA:89,1
DA:90,2
DA:94,1
DA:97,2
DA:98,5
DA:99,1
DA:100,2
DA:101,1
DA:102,2
DA:106,1
DA:109,2
DA:110,5
DA:111,1
DA:112,2
DA:113,1
DA:114,2
DA:118,1
DA:121,2
DA:122,5
DA:123,1
DA:124,2
DA:125,1
DA:126,2
DA:130,1
DA:133,2
DA:134,2
DA:135,1
DA:136,2
DA:137,1
DA:138,2
DA:142,1
DA:145,2
DA:146,3
DA:147,1
DA:148,2
DA:149,1
DA:150,2
DA:154,1
DA:157,2
DA:158,5
DA:159,1
DA:160,2
DA:161,1
DA:162,2
DA:166,1
DA:170,3
DA:171,1
DA:172,1
DA:173,3
DA:179,1
DA:183,3
DA:184,1
DA:185,1
DA:186,3
DA:190,1
DA:192,2
DA:196,1
DA:198,2
DA:199,5
LF:100
LH:100
end_of_record
SF:lib/domain/entities/movie.dart
DA:4,7
DA:21,2
DA:44,7
DA:45,7
DA:46,7
DA:47,7
DA:48,7
DA:49,7
DA:50,7
DA:51,7
DA:52,7
DA:53,7
DA:54,7
DA:55,7
DA:56,7
DA:57,7
DA:58,7
DA:59,7
LF:18
LH:18
end_of_record
SF:lib/data/models/movie_table.dart
DA:12,2
DA:20,2
DA:21,1
DA:22,1
DA:23,1
DA:24,1
DA:25,1
DA:28,2
DA:29,1
DA:30,1
DA:31,1
DA:32,1
DA:33,1
DA:36,0
DA:37,0
DA:38,0
DA:39,0
DA:40,0
DA:41,0
DA:44,2
DA:45,1
DA:46,1
DA:47,1
DA:48,1
DA:49,1
DA:52,2
DA:53,12
LF:27
LH:21
end_of_record
SF:lib/domain/entities/genre.dart
DA:4,7
DA:12,2
DA:13,6
LF:3
LH:3
end_of_record
SF:lib/domain/entities/movie_detail.dart
DA:5,7
DA:35,2
DA:36,2
DA:37,2
DA:38,2
DA:39,2
DA:40,2
DA:41,2
DA:42,2
DA:43,2
DA:44,2
DA:45,2
DA:46,2
DA:47,2
DA:48,2
LF:15
LH:15
end_of_record
SF:lib/data/datasources/db/database_helper.dart
DA:11,0
DA:15,0
DA:19,0
DA:21,0
DA:28,0
DA:29,0
DA:30,0
DA:32,0
DA:36,0
DA:37,0
DA:45,0
DA:48,0
DA:49,0
DA:50,0
DA:53,0
DA:54,0
DA:55,0
DA:58,0
DA:62,0
DA:63,0
DA:64,0
DA:67,0
DA:70,0
DA:71,0
DA:77,0
DA:78,0
DA:81,0
DA:82,0
DA:84,0
LF:29
LH:0
end_of_record
SF:lib/data/datasources/movie_local_data_source.dart
DA:18,1
DA:20,1
DA:23,2
DA:26,2
DA:30,1
DA:33,2
DA:36,2
DA:40,1
DA:42,2
DA:44,1
DA:50,1
DA:52,2
DA:53,4
LF:13
LH:13
end_of_record
SF:lib/data/datasources/movie_remote_data_source.dart
DA:41,1
DA:43,1
DA:46,4
DA:48,2
DA:49,4
DA:51,1
DA:55,1
DA:58,4
DA:60,2
DA:61,4
DA:63,1
DA:67,1
DA:70,4
DA:72,2
DA:73,4
DA:75,1
DA:79,1
DA:82,4
DA:84,2
DA:85,3
DA:87,1
DA:91,1
DA:93,1
DA:94,3
DA:96,2
DA:97,4
DA:99,1
DA:103,1
DA:105,1
DA:106,3
DA:108,2
DA:109,4
DA:111,1
DA:115,1
DA:118,4
DA:120,2
DA:121,4
DA:123,1
DA:127,1
DA:130,4
DA:132,2
DA:133,4
DA:135,1
DA:139,1
DA:142,4
DA:144,2
DA:145,4
DA:147,1
DA:151,1
DA:153,4
DA:155,2
DA:156,3
DA:158,1
DA:162,1
DA:164,1
DA:165,3
DA:167,2
DA:168,4
DA:170,1
DA:174,1
DA:176,1
DA:177,3
DA:179,2
DA:180,4
DA:182,1
LF:65
LH:65
end_of_record
SF:lib/data/models/movie_response.dart
DA:7,2
DA:9,4
DA:10,4
DA:11,6
DA:12,6
DA:15,2
DA:16,5
DA:19,1
DA:20,2
LF:9
LH:9
end_of_record
SF:lib/presentation/detail/bloc/detail_state.dart
DA:4,2
DA:8,0
DA:9,0
DA:14,2
DA:16,1
DA:17,2
DA:21,1
DA:22,1
DA:27,1
DA:29,1
DA:30,2
DA:34,1
DA:35,1
DA:40,1
DA:42,1
DA:43,2
DA:48,0
DA:50,0
DA:51,0
LF:19
LH:14
end_of_record
SF:lib/presentation/detail/bloc/detail_event.dart
DA:4,1
DA:9,1
DA:14,1
LF:3
LH:3
end_of_record
SF:lib/presentation/detail/bloc/detail_bloc.dart
DA:25,1
DA:30,2
DA:31,2
DA:32,2
DA:34,3
DA:36,3
DA:37,1
DA:38,1
DA:39,3
DA:41,1
DA:42,2
DA:43,2
DA:44,1
DA:45,0
DA:46,0
DA:48,1
DA:49,2
DA:56,2
DA:57,2
DA:59,3
DA:61,3
DA:62,1
DA:63,1
DA:64,3
DA:66,1
DA:67,2
DA:68,2
DA:69,1
DA:70,0
DA:71,0
DA:73,1
DA:74,2
LF:32
LH:28
end_of_record
SF:lib/presentation/detail/bloc/is_watchlist_event.dart
DA:4,0
DA:9,0
DA:14,0
DA:19,0
LF:4
LH:0
end_of_record
SF:lib/presentation/detail/bloc/is_watchlist_state.dart
DA:4,1
DA:9,1
DA:11,0
DA:12,0
DA:17,0
DA:19,0
DA:20,0
LF:7
LH:2
end_of_record
SF:lib/presentation/detail/bloc/is_watchlist_bloc.dart
DA:20,0
DA:25,0
DA:26,0
DA:27,0
DA:28,0
DA:31,0
DA:32,0
DA:34,0
DA:35,0
DA:36,0
DA:38,0
DA:39,0
DA:40,0
DA:45,0
DA:46,0
DA:48,0
DA:49,0
DA:50,0
DA:52,0
DA:53,0
LF:20
LH:0
end_of_record
SF:lib/presentation/detail/detail_page.dart
DA:20,1
DA:21,4
DA:22,3
DA:25,1
DA:26,1
DA:30,1
DA:32,1
DA:33,1
DA:36,1
DA:38,1
DA:39,1
DA:40,0
DA:41,0
DA:42,1
DA:43,1
DA:44,0
DA:45,0
DA:46,0
DA:47,0
DA:49,0
DA:50,0
DA:52,1
DA:53,0
DA:54,0
DA:56,1
DA:57,1
DA:58,1
DA:59,1
DA:62,0
DA:73,1
DA:75,1
DA:77,3
DA:78,1
DA:79,1
DA:80,1
DA:81,3
DA:83,2
DA:84,1
DA:86,0
DA:88,1
DA:90,1
DA:91,1
DA:92,1
DA:93,1
DA:95,2
DA:102,1
DA:103,1
DA:104,1
DA:106,1
DA:108,1
DA:110,1
DA:111,1
DA:112,4
DA:113,1
DA:115,1
DA:116,0
DA:117,0
DA:118,1
DA:119,1
DA:120,1
DA:121,0
DA:122,0
DA:124,0
DA:125,0
DA:128,0
DA:129,0
DA:132,1
DA:134,1
DA:135,1
DA:136,1
DA:137,1
DA:138,1
DA:144,0
DA:145,0
DA:146,0
DA:149,0
DA:150,0
DA:151,0
DA:152,0
DA:153,0
DA:154,0
DA:155,0
DA:156,0
DA:157,0
DA:158,0
DA:160,0
DA:162,0
DA:163,0
DA:164,0
DA:169,0
DA:170,0
DA:174,1
DA:175,3
DA:177,1
DA:178,3
DA:180,1
DA:181,1
DA:182,1
DA:183,3
DA:185,2
DA:191,4
DA:194,1
DA:195,1
DA:197,1
DA:199,1
DA:200,2
DA:202,1
DA:203,1
DA:205,1
DA:207,1
DA:208,0
DA:209,0
DA:210,0
DA:211,0
DA:212,1
DA:213,1
DA:214,0
DA:215,0
DA:217,1
DA:218,0
DA:219,1
DA:220,0
DA:222,0
DA:224,0
DA:225,0
DA:226,0
DA:228,0
DA:229,0
DA:231,0
DA:237,0
DA:240,0
DA:241,0
DA:246,0
DA:247,0
DA:248,0
DA:250,0
DA:252,0
DA:253,0
DA:254,0
DA:256,0
DA:259,0
DA:260,0
DA:266,0
DA:270,1
DA:278,1
DA:280,1
DA:295,1
DA:297,1
DA:300,1
DA:301,1
DA:302,0
DA:303,0
DA:312,1
DA:314,2
DA:315,3
DA:318,1
DA:322,3
DA:325,1
DA:329,1
DA:330,1
DA:332,1
DA:333,1
DA:335,0
LF:163
LH:92
end_of_record
SF:lib/domain/usecases/get_movie_detail.dart
DA:9,1
DA:11,1
DA:12,2
LF:3
LH:3
end_of_record
SF:lib/domain/usecases/get_movie_recommendations.dart
DA:9,1
DA:11,1
DA:12,2
LF:3
LH:3
end_of_record
SF:lib/domain/usecases/get_tv_detail.dart
DA:9,1
DA:11,1
DA:12,2
LF:3
LH:3
end_of_record
SF:lib/domain/usecases/get_tv_recommendations.dart
DA:9,1
DA:11,1
DA:12,2
LF:3
LH:3
end_of_record
SF:lib/domain/usecases/get_watchlist_status.dart
DA:6,1
DA:8,1
DA:9,2
LF:3
LH:3
end_of_record
SF:lib/domain/usecases/remove_watchlist.dart
DA:9,1
DA:11,1
DA:12,2
LF:3
LH:3
end_of_record
SF:lib/domain/usecases/save_watchlist.dart
DA:9,1
DA:11,1
DA:12,2
LF:3
LH:3
end_of_record
SF:lib/presentation/list_more/bloc/list_more_event.dart
DA:4,1
DA:9,1
LF:2
LH:2
end_of_record
SF:lib/presentation/list_more/bloc/list_more_state.dart
DA:4,2
DA:8,0
DA:9,0
DA:13,1
DA:14,1
DA:19,2
DA:21,1
DA:22,2
DA:27,2
DA:29,1
DA:30,2
LF:11
LH:9
end_of_record
SF:lib/presentation/list_more/bloc/list_more_bloc.dart
DA:30,1
DA:37,2
DA:39,2
DA:40,2
DA:43,2
DA:44,2
DA:45,2
DA:46,2
DA:47,2
DA:48,2
DA:49,2
DA:50,2
DA:51,2
DA:52,2
DA:55,2
DA:58,1
DA:59,1
DA:60,3
DA:62,1
DA:63,2
LF:20
LH:20
end_of_record
SF:lib/presentation/list_more/list_more_page.dart
DA:12,1
DA:14,1
DA:15,1
DA:19,1
DA:21,1
DA:24,1
DA:28,3
DA:30,0
DA:32,0
DA:34,0
DA:36,0
DA:43,1
DA:44,1
DA:45,1
DA:47,1
DA:49,1
DA:50,1
DA:51,1
DA:52,0
DA:53,0
DA:54,1
DA:55,2
DA:56,1
DA:58,4
DA:60,1
DA:61,0
DA:62,0
DA:63,0
DA:65,2
LF:29
LH:20
end_of_record
SF:lib/domain/usecases/get_airing_today_tv.dart
DA:9,1
DA:11,1
DA:12,2
LF:3
LH:3
end_of_record
SF:lib/domain/usecases/get_now_playing_movies.dart
DA:9,1
DA:11,1
DA:12,2
LF:3
LH:3
end_of_record
SF:lib/domain/usecases/get_popular_movies.dart
DA:9,1
DA:11,1
DA:12,2
LF:3
LH:3
end_of_record
SF:lib/domain/usecases/get_popular_tv.dart
DA:9,1
DA:11,1
DA:12,2
LF:3
LH:3
end_of_record
SF:lib/domain/usecases/get_top_rated_movies.dart
DA:9,1
DA:11,1
DA:12,2
LF:3
LH:3
end_of_record
SF:lib/domain/usecases/get_top_rated_tv.dart
DA:9,1
DA:11,1
DA:12,2
LF:3
LH:3
end_of_record
SF:lib/presentation/widgets/movie_card_list.dart
DA:11,0
DA:13,0
DA:15,0
DA:16,0
DA:18,0
DA:20,0
DA:22,0
DA:23,0
DA:24,0
DA:27,0
DA:30,0
DA:32,0
DA:33,0
DA:34,0
DA:40,0
DA:42,0
DA:43,0
DA:44,0
DA:47,0
DA:49,0
DA:50,0
DA:51,0
DA:59,0
DA:64,0
DA:65,0
DA:66,0
DA:68,0
DA:69,0
DA:71,0
DA:73,0
LF:30
LH:0
end_of_record
SF:lib/presentation/home/bloc/home_list_state.dart
DA:4,1
DA:8,1
DA:9,1
DA:14,1
DA:16,1
DA:17,2
DA:22,1
DA:24,1
DA:25,2
DA:30,1
DA:32,1
DA:33,2
DA:38,1
DA:40,1
DA:41,2
DA:46,1
DA:48,1
DA:49,2
DA:54,1
DA:56,1
DA:57,2
DA:62,1
DA:64,1
DA:65,2
LF:24
LH:24
end_of_record
SF:lib/presentation/home/bloc/home_list_event.dart
DA:4,1
DA:10,1
LF:2
LH:2
end_of_record
SF:lib/presentation/home/bloc/home_list_bloc.dart
DA:26,1
DA:33,2
DA:34,2
DA:35,3
DA:38,2
DA:39,2
DA:40,2
DA:41,1
DA:42,1
DA:43,2
DA:45,1
DA:46,2
DA:51,2
DA:52,2
DA:53,2
DA:54,1
DA:55,1
DA:56,2
DA:58,1
DA:59,2
DA:64,2
DA:65,2
DA:66,2
DA:67,1
DA:68,1
DA:69,2
DA:71,1
DA:72,2
DA:77,2
DA:78,2
DA:79,2
DA:80,1
DA:81,1
DA:82,2
DA:84,1
DA:85,2
DA:90,2
DA:91,2
DA:92,2
DA:93,1
DA:94,1
DA:95,2
DA:97,1
DA:98,2
DA:103,2
DA:104,2
DA:105,2
DA:106,1
DA:107,1
DA:108,2
DA:110,1
DA:111,2
LF:52
LH:52
end_of_record
SF:lib/domain/usecases/get_watchlist_movies.dart
DA:9,1
DA:11,1
DA:12,2
LF:3
LH:3
end_of_record
SF:lib/presentation/watchlist/bloc/watchlist_state.dart
DA:4,1
DA:8,0
DA:9,0
DA:13,1
DA:14,1
DA:19,1
DA:21,1
DA:22,2
DA:27,1
DA:29,1
DA:30,2
LF:11
LH:9
end_of_record
SF:lib/presentation/watchlist/bloc/watchlist_bloc.dart
DA:15,3
DA:16,2
DA:17,2
DA:19,3
DA:20,1
DA:21,1
DA:22,3
DA:24,1
DA:25,2
LF:9
LH:9
end_of_record
SF:lib/presentation/watchlist/bloc/watchlist_event.dart
DA:4,1
DA:9,1
LF:2
LH:2
end_of_record
SF:lib/domain/usecases/search_movies.dart
DA:9,1
DA:11,1
DA:12,2
LF:3
LH:3
end_of_record
SF:lib/domain/usecases/search_tv.dart
DA:9,1
DA:11,1
DA:12,2
LF:3
LH:3
end_of_record
SF:lib/presentation/search/bloc/search_bloc.dart
DA:17,3
DA:18,2
DA:19,2
DA:21,3
DA:22,1
DA:23,1
DA:24,3
DA:26,1
DA:27,2
DA:32,2
DA:33,2
DA:35,3
DA:36,1
DA:37,1
DA:38,3
DA:40,1
DA:41,2
LF:17
LH:17
end_of_record
SF:lib/presentation/search/bloc/search_state.dart
DA:4,1
DA:8,0
DA:9,0
DA:13,1
DA:14,1
DA:19,1
DA:21,1
DA:22,2
DA:27,1
DA:29,1
DA:30,2
LF:11
LH:9
end_of_record
SF:lib/presentation/search/bloc/search_event.dart
DA:4,1
DA:9,1
DA:14,1
LF:3
LH:3
end_of_record
